<?xml version="1.0" ?>
<!DOCTYPE coverage
  SYSTEM 'http://cobertura.sourceforge.net/xml/coverage-03.dtd'>
<coverage branch-rate="0.6429" line-rate="0.8475" timestamp="1431730816598" version="3.7.1">
	<!-- Generated by coverage.py: http://nedbatchelder.com/code/coverage -->
	<packages>
		<package branch-rate="0" complexity="0" line-rate="0.9286" name="">
			<classes>
				<class branch-rate="0" complexity="0" filename="serviceping/__init__.py" line-rate="0.9286" name="serviceping">
					<methods/>
					<lines>
						<line hits="1" number="5"/>
						<line hits="1" number="6"/>
						<line hits="1" number="9"/>
						<line hits="0" number="18"/>
						<line hits="1" number="22"/>
						<line hits="1" number="23"/>
						<line hits="1" number="24"/>
						<line hits="1" number="25"/>
						<line hits="1" number="26"/>
						<line hits="1" number="27"/>
						<line hits="1" number="28"/>
						<line hits="1" number="29"/>
						<line hits="1" number="32"/>
						<line hits="1" number="35"/>
					</lines>
				</class>
			</classes>
		</package>
		<package branch-rate="0.6429" complexity="0" line-rate="0.8222" name="serviceping">
			<classes>
				<class branch-rate="0.6429" complexity="0" filename="serviceping/serviceping.py" line-rate="0.8222" name="serviceping.serviceping">
					<methods/>
					<lines>
						<line hits="1" number="4"/>
						<line hits="1" number="5"/>
						<line hits="1" number="8"/>
						<line hits="1" number="11"/>
						<line hits="1" number="13"/>
						<line hits="1" number="14"/>
						<line hits="1" number="15"/>
						<line hits="1" number="16"/>
						<line hits="1" number="17"/>
						<line hits="1" number="19"/>
						<line branch="true" condition-coverage="50% (1/2)" hits="1" number="20"/>
						<line branch="true" condition-coverage="100% (2/2)" hits="1" number="21"/>
						<line hits="1" number="22"/>
						<line hits="1" number="24"/>
						<line hits="0" number="25"/>
						<line hits="1" number="27"/>
						<line hits="1" number="28"/>
						<line branch="true" condition-coverage="100% (2/2)" hits="1" number="30"/>
						<line hits="1" number="31"/>
						<line hits="1" number="32"/>
						<line hits="1" number="34"/>
						<line hits="1" number="35"/>
						<line hits="1" number="37"/>
						<line hits="1" number="38"/>
						<line hits="1" number="40"/>
						<line branch="true" condition-coverage="0% (0/2)" hits="0" number="41"/>
						<line hits="0" number="42"/>
						<line hits="0" number="43"/>
						<line hits="1" number="45"/>
						<line branch="true" condition-coverage="50% (1/2)" hits="1" number="46"/>
						<line hits="1" number="47"/>
						<line hits="0" number="48"/>
						<line hits="1" number="50"/>
						<line hits="1" number="51"/>
						<line hits="1" number="54"/>
						<line hits="0" number="61"/>
						<line hits="0" number="62"/>
						<line hits="1" number="65"/>
						<line hits="1" number="72"/>
						<line branch="true" condition-coverage="50% (1/2)" hits="1" number="73"/>
						<line hits="0" number="74"/>
						<line hits="1" number="75"/>
						<line branch="true" condition-coverage="100% (2/2)" hits="1" number="77"/>
						<line hits="1" number="78"/>
						<line hits="1" number="79"/>
					</lines>
				</class>
			</classes>
		</package>
	</packages>
</coverage>
